Arguments: 
  C:\nodejs\node.exe C:\Users\User\AppData\Roaming\npm\node_modules\yarn\bin\yarn.js start

PATH: 
  C:\Program Files (x86)\Common Files\Oracle\Java\javapath;C:\Windows\system32;C:\Windows;C:\Windows\System32\Wbem;C:\Windows\System32\WindowsPowerShell\v1.0\;C:\Windows\System32\OpenSSH\;C:\Program Files\NVIDIA Corporation\NVIDIA NvDLISR;C:\Program Files (x86)\NVIDIA Corporation\PhysX\Common;C:\WINDOWS\system32;C:\WINDOWS;C:\WINDOWS\System32\Wbem;C:\WINDOWS\System32\WindowsPowerShell\v1.0\;C:\WINDOWS\System32\OpenSSH\;C:\nodejs\;C:\Users\User\AppData\Local\Microsoft\WindowsApps;C:\Bandizip\;C:\Users\User\AppData\Roaming\npm;C:\Users\User\AppData\Local\Programs\Microsoft VS Code\bin;C:\Users\User\AppData\Local\GitHubDesktop\bin

Yarn version: 
  1.22.4

Node version: 
  12.16.1

Platform: 
  win32 x64

Trace: 
  SyntaxError: C:\Users\User\Documents\GitHub\Typescript\package.json: Unexpected token } in JSON at position 517
      at JSON.parse (<anonymous>)
      at C:\Users\User\AppData\Roaming\npm\node_modules\yarn\lib\cli.js:1625:59
      at Generator.next (<anonymous>)
      at step (C:\Users\User\AppData\Roaming\npm\node_modules\yarn\lib\cli.js:310:30)
      at C:\Users\User\AppData\Roaming\npm\node_modules\yarn\lib\cli.js:321:13

npm manifest: 
  {
    "name": "typescript",
    "version": "1.0.0",
    "description": "Learning Typescript by making a Blockchain with it",
    "main": "index.js",
    "scripts": {
      "start": "node index.js",
      "prestart": "tsc"
    },
    "repository": {
      "type": "git",
      "url": "git+https://github.com/ljs614/Typescript.git"
    },
    "author": "jeongseop.lee <sjl0614@naver.com>",
    "license": "MIT",
    "bugs": {
      "url": "https://github.com/ljs614/Typescript/issues"
    },
    "homepage": "https://github.com/ljs614/Typescript#readme",
  }

yarn manifest: 
  No manifest

Lockfile: 
  No lockfile
